<?xml version="1.0" encoding="UTF-8"?>
<testsuite xmlns:xsi="http://www.w3.org/2001/XMLSchema-instance" xsi:noNamespaceSchemaLocation="https://maven.apache.org/surefire/maven-surefire-plugin/xsd/surefire-test-report.xsd" name="com.example.CsvToPropertyReaderTest" time="0.582" tests="2" errors="0" skipped="0" failures="0">
  <properties>
    <property name="java.specification.version" value="23"/>
    <property name="sun.cpu.isalist" value="amd64"/>
    <property name="sun.jnu.encoding" value="Cp1252"/>
    <property name="java.class.path" value="C:\Users\alexa\Desktop\ES-2024-2Sem-LETI-GrupoE\target\test-classes;C:\Users\alexa\Desktop\ES-2024-2Sem-LETI-GrupoE\target\classes;C:\Users\alexa\.m2\repository\junit\junit\4.11\junit-4.11.jar;C:\Users\alexa\.m2\repository\org\hamcrest\hamcrest-core\1.3\hamcrest-core-1.3.jar;C:\Users\alexa\.m2\repository\org\apache\commons\commons-csv\1.12.0\commons-csv-1.12.0.jar;C:\Users\alexa\.m2\repository\commons-io\commons-io\2.17.0\commons-io-2.17.0.jar;C:\Users\alexa\.m2\repository\commons-codec\commons-codec\1.17.1\commons-codec-1.17.1.jar;C:\Users\alexa\.m2\repository\org\locationtech\jts\jts-core\1.20.0\jts-core-1.20.0.jar;C:\Users\alexa\.m2\repository\org\jgrapht\jgrapht-core\1.5.2\jgrapht-core-1.5.2.jar;C:\Users\alexa\.m2\repository\org\jheaps\jheaps\0.14\jheaps-0.14.jar;C:\Users\alexa\.m2\repository\org\apfloat\apfloat\1.10.1\apfloat-1.10.1.jar;C:\Users\alexa\.m2\repository\org\jgrapht\jgrapht-io\1.5.2\jgrapht-io-1.5.2.jar;C:\Users\alexa\.m2\repository\org\antlr\antlr4-runtime\4.12.0\antlr4-runtime-4.12.0.jar;C:\Users\alexa\.m2\repository\org\apache\commons\commons-text\1.10.0\commons-text-1.10.0.jar;C:\Users\alexa\.m2\repository\org\apache\commons\commons-lang3\3.12.0\commons-lang3-3.12.0.jar;C:\Users\alexa\.m2\repository\com\mxgraph\jgraphx\1.10.4.2\jgraphx-1.10.4.2.jar;C:\Users\alexa\.m2\repository\org\jfree\jfreechart\1.5.5\jfreechart-1.5.5.jar;C:\Users\alexa\.m2\repository\uk\co\caprica\vlcj\5.0.0-M1\vlcj-5.0.0-M1.jar;C:\Users\alexa\.m2\repository\uk\co\caprica\vlcj-natives\5.0.0-M1\vlcj-natives-5.0.0-M1.jar;C:\Users\alexa\.m2\repository\net\java\dev\jna\jna-jpms\5.14.0\jna-jpms-5.14.0.jar;C:\Users\alexa\.m2\repository\net\java\dev\jna\jna-platform-jpms\5.14.0\jna-platform-jpms-5.14.0.jar;"/>
    <property name="java.vm.vendor" value="Oracle Corporation"/>
    <property name="sun.arch.data.model" value="64"/>
    <property name="user.variant" value=""/>
    <property name="java.vendor.url" value="https://java.oracle.com/"/>
    <property name="user.timezone" value="Europe/Lisbon"/>
    <property name="os.name" value="Windows 11"/>
    <property name="java.vm.specification.version" value="23"/>
    <property name="user.country" value="PT"/>
    <property name="sun.java.launcher" value="SUN_STANDARD"/>
    <property name="sun.boot.library.path" value="C:\Program Files\Java\jdk-23\bin"/>
    <property name="sun.java.command" value="C:\Users\alexa\AppData\Local\Temp\surefire6552488434871368432\surefirebooter6530174283176840612.jar C:\Users\alexa\AppData\Local\Temp\surefire6552488434871368432 2024-12-05T07-22-52_234-jvmRun1 surefire18168551348622952555tmp surefire_010695818218550606264tmp"/>
    <property name="jdk.debug" value="release"/>
    <property name="test" value="com.example.CsvToPropertyReaderTest"/>
    <property name="surefire.test.class.path" value="C:\Users\alexa\Desktop\ES-2024-2Sem-LETI-GrupoE\target\test-classes;C:\Users\alexa\Desktop\ES-2024-2Sem-LETI-GrupoE\target\classes;C:\Users\alexa\.m2\repository\junit\junit\4.11\junit-4.11.jar;C:\Users\alexa\.m2\repository\org\hamcrest\hamcrest-core\1.3\hamcrest-core-1.3.jar;C:\Users\alexa\.m2\repository\org\apache\commons\commons-csv\1.12.0\commons-csv-1.12.0.jar;C:\Users\alexa\.m2\repository\commons-io\commons-io\2.17.0\commons-io-2.17.0.jar;C:\Users\alexa\.m2\repository\commons-codec\commons-codec\1.17.1\commons-codec-1.17.1.jar;C:\Users\alexa\.m2\repository\org\locationtech\jts\jts-core\1.20.0\jts-core-1.20.0.jar;C:\Users\alexa\.m2\repository\org\jgrapht\jgrapht-core\1.5.2\jgrapht-core-1.5.2.jar;C:\Users\alexa\.m2\repository\org\jheaps\jheaps\0.14\jheaps-0.14.jar;C:\Users\alexa\.m2\repository\org\apfloat\apfloat\1.10.1\apfloat-1.10.1.jar;C:\Users\alexa\.m2\repository\org\jgrapht\jgrapht-io\1.5.2\jgrapht-io-1.5.2.jar;C:\Users\alexa\.m2\repository\org\antlr\antlr4-runtime\4.12.0\antlr4-runtime-4.12.0.jar;C:\Users\alexa\.m2\repository\org\apache\commons\commons-text\1.10.0\commons-text-1.10.0.jar;C:\Users\alexa\.m2\repository\org\apache\commons\commons-lang3\3.12.0\commons-lang3-3.12.0.jar;C:\Users\alexa\.m2\repository\com\mxgraph\jgraphx\1.10.4.2\jgraphx-1.10.4.2.jar;C:\Users\alexa\.m2\repository\org\jfree\jfreechart\1.5.5\jfreechart-1.5.5.jar;C:\Users\alexa\.m2\repository\uk\co\caprica\vlcj\5.0.0-M1\vlcj-5.0.0-M1.jar;C:\Users\alexa\.m2\repository\uk\co\caprica\vlcj-natives\5.0.0-M1\vlcj-natives-5.0.0-M1.jar;C:\Users\alexa\.m2\repository\net\java\dev\jna\jna-jpms\5.14.0\jna-jpms-5.14.0.jar;C:\Users\alexa\.m2\repository\net\java\dev\jna\jna-platform-jpms\5.14.0\jna-platform-jpms-5.14.0.jar;"/>
    <property name="sun.cpu.endian" value="little"/>
    <property name="user.home" value="C:\Users\alexa"/>
    <property name="user.language" value="pt"/>
    <property name="java.specification.vendor" value="Oracle Corporation"/>
    <property name="java.version.date" value="2024-10-15"/>
    <property name="java.home" value="C:\Program Files\Java\jdk-23"/>
    <property name="file.separator" value="\"/>
    <property name="basedir" value="C:\Users\alexa\Desktop\ES-2024-2Sem-LETI-GrupoE"/>
    <property name="java.vm.compressedOopsMode" value="Zero based"/>
    <property name="line.separator" value="&#10;"/>
    <property name="java.vm.specification.vendor" value="Oracle Corporation"/>
    <property name="java.specification.name" value="Java Platform API Specification"/>
    <property name="surefire.real.class.path" value="C:\Users\alexa\AppData\Local\Temp\surefire6552488434871368432\surefirebooter6530174283176840612.jar"/>
    <property name="user.script" value=""/>
    <property name="sun.management.compiler" value="HotSpot 64-Bit Tiered Compilers"/>
    <property name="java.runtime.version" value="23.0.1+11-39"/>
    <property name="user.name" value="alexa"/>
    <property name="stdout.encoding" value="Cp1252"/>
    <property name="path.separator" value=";"/>
    <property name="os.version" value="10.0"/>
    <property name="java.runtime.name" value="Java(TM) SE Runtime Environment"/>
    <property name="file.encoding" value="UTF-8"/>
    <property name="java.vm.name" value="Java HotSpot(TM) 64-Bit Server VM"/>
    <property name="maven.ext.class.path" value="C:\Users\alexa\.vscode\extensions\oracle.oracle-java-23.0.1\nbcode\java\maven-nblib\netbeans-eventspy.jar"/>
    <property name="localRepository" value="C:\Users\alexa\.m2\repository"/>
    <property name="java.vendor.url.bug" value="https://bugreport.java.com/bugreport/"/>
    <property name="java.io.tmpdir" value="C:\Users\alexa\AppData\Local\Temp\"/>
    <property name="java.version" value="23.0.1"/>
    <property name="user.dir" value="C:\Users\alexa\Desktop\ES-2024-2Sem-LETI-GrupoE"/>
    <property name="os.arch" value="amd64"/>
    <property name="java.vm.specification.name" value="Java Virtual Machine Specification"/>
    <property name="sun.os.patch.level" value=""/>
    <property name="native.encoding" value="Cp1252"/>
    <property name="java.library.path" value="C:\Program Files\Java\jdk-23\bin;C:\WINDOWS\Sun\Java\bin;C:\WINDOWS\system32;C:\WINDOWS;C:\Program Files (x86)\Razer\ChromaBroadcast\bin;C:\Program Files\Razer\ChromaBroadcast\bin;C:\Program Files\Eclipse Adoptium\jdk-21.0.5.11-hotspot\bin;C:\Program Files\Common Files\Oracle\Java\javapath;C:\Program Files (x86)\Common Files\Oracle\Java\java8path;C:\Program Files (x86)\Common Files\Oracle\Java\javapath;C:\Windows\system32;C:\Windows;C:\Windows\System32\Wbem;C:\Windows\System32\WindowsPowerShell\v1.0\;C:\Windows\System32\OpenSSH\;C:\Program Files (x86)\NVIDIA Corporation\PhysX\Common;C:\Program Files\PowerShell\7\;C:\Program Files (x86)\QuickTime\QTSystem\;C:\Program Files\Java\jdk-23\bin;C:\Program Files\Git\cmd;C:\Program Files\apache-maven-3.9.9\bin;C:\Program Files\Java\javafx-sdk-23.0.1\lib;C:\Windows\system32\config\systemprofile\AppData\Local\Microsoft\WindowsApps;C:\Program Files\NVIDIA Corporation\NVIDIA app\NvDLISR;C:\WINDOWS\system32;C:\WINDOWS;C:\WINDOWS\System32\Wbem;C:\WINDOWS\System32\WindowsPowerShell\v1.0\;C:\WINDOWS\System32\OpenSSH\;C:\Users\alexa\AppData\Local\Microsoft\WindowsApps;C:\Users\alexa\AppData\Local\Programs\Microsoft VS Code\bin;;."/>
    <property name="java.vm.info" value="mixed mode, sharing"/>
    <property name="stderr.encoding" value="Cp1252"/>
    <property name="java.vendor" value="Oracle Corporation"/>
    <property name="java.vm.version" value="23.0.1+11-39"/>
    <property name="sun.io.unicode.encoding" value="UnicodeLittle"/>
    <property name="java.class.version" value="67.0"/>
  </properties>
  <testcase name="testFilterPropertiesByFreguesia" classname="com.example.CsvToPropertyReaderTest" time="0.326"/>
  <testcase name="testExercise_1" classname="com.example.CsvToPropertyReaderTest" time="0.231"/>
</testsuite>